2020-09-04 23:03:51 INFO  [main]: start MainPage test getHeadinhTest
2020-09-04 23:03:51 INFO  [main]: finish MainPage test getHeadinhTest
2020-09-04 23:03:51 INFO  [main]: start MainPageTest readDown
2020-09-04 23:03:54 INFO  [main]: finish MainPageTest readDown
2020-09-04 23:12:09 INFO  [main]: start MainPage test getHeadinhTest
2020-09-04 23:13:04 INFO  [main]: start MainPage test getHeadinhTest
2020-09-04 23:13:09 INFO  [main]: finish MainPage test getHeadinhTest
2020-09-04 23:14:54 INFO  [main]: start MainPage test getHeadinhTest
2020-09-04 23:14:56 INFO  [main]: finish MainPage test getHeadinhTest
2020-09-04 23:36:07 INFO  [main]: start MainPage test singInTest
2020-09-04 23:38:24 INFO  [main]: start MainPage test singInTest
2020-09-04 23:38:30 INFO  [main]: finish MainPage test singInTest
2020-09-04 23:38:52 INFO  [main]: start MainPage test singInTest
2020-09-04 23:38:57 INFO  [main]: finish MainPage test singInTest
2020-09-04 23:39:19 INFO  [main]: start MainPage test findSingInFieldTest
2020-09-04 23:39:21 INFO  [main]: finish MainPage test findSingInFieldTest
2020-09-04 23:39:22 INFO  [main]: start MainPage test getHeadinhTest
2020-09-04 23:39:23 INFO  [main]: finish MainPage test getHeadinhTest
2020-09-04 23:39:24 INFO  [main]: start MainPage test singInTest
2020-09-04 23:39:29 INFO  [main]: finish MainPage test singInTest
2020-09-04 23:39:53 INFO  [main]: start MainPage test findSingInFieldTest
2020-09-04 23:39:55 INFO  [main]: finish MainPage test findSingInFieldTest
2020-09-04 23:39:55 INFO  [main]: start MainPageTest readDown
2020-09-04 23:39:57 INFO  [main]: finish MainPageTest readDown
2020-09-04 23:40:05 INFO  [main]: start MainPage test getHeadinhTest
2020-09-04 23:40:06 INFO  [main]: finish MainPage test getHeadinhTest
2020-09-04 23:40:06 INFO  [main]: start MainPageTest readDown
2020-09-04 23:40:06 INFO  [main]: finish MainPageTest readDown
2020-09-04 23:40:12 INFO  [main]: start MainPage test singInTest
2020-09-04 23:40:19 INFO  [main]: finish MainPage test singInTest
2020-09-04 23:40:19 INFO  [main]: start MainPageTest readDown
2020-09-04 23:40:21 INFO  [main]: finish MainPageTest readDown
2020-09-05 00:06:00 INFO  [main]: start MainPage test getHeadinhTest
2020-09-05 00:06:01 INFO  [main]: finish MainPage test getHeadinhTest
2020-09-05 00:24:05 INFO  [main]: start ForgotPassPageTest test getHeadinhTest
2020-09-05 00:24:05 INFO  [main]: finish ForgotPassPageTest test getHeadinhTest
2020-09-05 00:36:44 INFO  [main]: start ForgotPassPageTest test checkRuTextError
2020-09-05 00:36:45 INFO  [main]: finish ForgotPassPageTest test checkRuTextError
