2020-09-10 17:56:03 INFO  [main]: start ForgotPassPageTest test checkRuTextError
2020-09-10 17:56:05 INFO  [main]: finish ForgotPassPageTest test checkRuTextError
2020-09-10 17:56:05 INFO  [main]: start ForgotPassPageTest readDown
2020-09-10 17:56:05 INFO  [main]: finish ForgotPassPageTest readDown
2020-09-10 17:56:13 INFO  [main]: start ForgotPassPageTest test getHeadinhTest
2020-09-10 17:56:13 INFO  [main]: finish ForgotPassPageTest test getHeadinhTest
2020-09-10 17:56:13 INFO  [main]: start ForgotPassPageTest readDown
2020-09-10 17:56:13 INFO  [main]: finish ForgotPassPageTest readDown
2020-09-10 17:56:48 INFO  [main]: start MainPage test findSignInFieldTest
2020-09-10 17:56:53 INFO  [main]: finish MainPage test findSignInFieldTest
2020-09-10 17:56:53 INFO  [main]: start MainPageTest readDown
2020-09-10 17:56:54 INFO  [main]: finish MainPageTest readDown
2020-09-10 17:57:02 INFO  [main]: start MainPage test getHeadinhTest
2020-09-10 17:57:03 INFO  [main]: finish MainPage test getHeadinhTest
2020-09-10 17:57:03 INFO  [main]: start MainPageTest readDown
2020-09-10 17:57:05 INFO  [main]: finish MainPageTest readDown
2020-09-10 17:57:13 INFO  [main]: start MainPage test signInTest
2020-09-10 17:57:20 INFO  [main]: finish MainPage test signInTest
2020-09-10 17:57:20 INFO  [main]: start MainPageTest readDown
2020-09-10 17:57:21 INFO  [main]: finish MainPageTest readDown
2020-09-10 17:57:40 INFO  [main]: start ForgotPassPageTest test checkRuTextError
2020-09-10 17:57:41 INFO  [main]: finish ForgotPassPageTest test checkRuTextError
2020-09-10 17:57:41 INFO  [main]: start ForgotPassPageTest readDown
2020-09-10 17:57:44 INFO  [main]: finish ForgotPassPageTest readDown
2020-09-10 17:57:50 INFO  [main]: start ForgotPassPageTest test getHeadinhTest
2020-09-10 17:57:50 INFO  [main]: finish ForgotPassPageTest test getHeadinhTest
2020-09-10 17:57:50 INFO  [main]: start ForgotPassPageTest readDown
2020-09-10 17:57:53 INFO  [main]: finish ForgotPassPageTest readDown
